This is pdfTeX, Version 3.1415926-2.5-1.40.14 (MiKTeX 2.9) (preloaded format=pdflatex 2014.6.24)  19 JAN 2015 17:40
entering extended mode
**BioSec_report.tex
(D:\repository\biosec\report\BioSec_report.tex
LaTeX2e <2011/06/27>
Babel <v3.8m> and hyphenation patterns for english, afrikaans, ancientgreek, ar
abic, armenian, assamese, basque, bengali, bokmal, bulgarian, catalan, coptic, 
croatian, czech, danish, dutch, esperanto, estonian, farsi, finnish, french, ga
lician, german, german-x-2013-05-26, greek, gujarati, hindi, hungarian, iceland
ic, indonesian, interlingua, irish, italian, kannada, kurmanji, latin, latvian,
 lithuanian, malayalam, marathi, mongolian, mongolianlmc, monogreek, ngerman, n
german-x-2013-05-26, nynorsk, oriya, panjabi, pinyin, polish, portuguese, roman
ian, russian, sanskrit, serbian, slovak, slovenian, spanish, swedish, swissgerm
an, tamil, telugu, turkish, turkmen, ukenglish, ukrainian, uppersorbian, usengl
ishmax, welsh, loaded.
(D:\repository\biosec\report\acmtog.cls
Document Class: acmtog 2012/03/07
("D:\Programme\MiKTeX 2.9\tex\latex\base\latexsym.sty"
Package: latexsym 1998/08/17 v2.2e Standard LaTeX package (lasy symbols)
\symlasy=\mathgroup4
LaTeX Font Info:    Overwriting symbol font `lasy' in version `bold'
(Font)                  U/lasy/m/n --> U/lasy/b/n on input line 47.
)
(D:\repository\biosec\report\url.sty
\Urlmuskip=\muskip10
Package: url 2006/04/12  ver 3.3  Verb mode for urls, etc.
)
\trimheight=\dimen102
\trimwidth=\dimen103
\typeheight=\dimen104
\typewidth=\dimen105
\normaltextheight=\dimen106
\blindfoliodrop=\dimen107
\tempbox=\box26
\tempdimen=\dimen108
\normaltextheight=\dimen109
\c@secnumbookdepth=\count79
\c@theorem=\count80
\c@strategy=\count81
\c@property=\count82
\c@proposition=\count83
\c@exam=\count84
\c@part=\count85
\c@section=\count86
\c@subsection=\count87
\c@subsubsection=\count88
\c@paragraph=\count89
\c@figure=\count90
\c@table=\count91
\belowcaptionskip=\skip41
\tbbox=\box27
\tabledim=\dimen110
\@narrowfig=\dimen111
\@nfigbox=\box28
\@nfcapbox=\box29
\@abstract=\box30
\@terms=\box31
\@keywords=\box32
\bibindent=\dimen112
LaTeX Info: Redefining \cal on input line 1041.

("D:\Programme\MiKTeX 2.9\tex\latex\psnfss\times.sty"
Package: times 2005/04/12 PSNFSS-v9.2a (SPQR) 
)
("D:\Programme\MiKTeX 2.9\tex\latex\tools\bm.sty"
Package: bm 2004/02/26 v1.1c Bold Symbol Support (DPC/FMi)
\symboldoperators=\mathgroup5
\symboldletters=\mathgroup6
\symboldsymbols=\mathgroup7
\symboldlasy=\mathgroup8
LaTeX Font Info:    Redeclaring math alphabet \mathbf on input line 138.
LaTeX Info: Redefining \bm on input line 204.
)
("D:\Programme\MiKTeX 2.9\tex\latex\graphics\graphicx.sty"
Package: graphicx 1999/02/16 v1.0f Enhanced LaTeX Graphics (DPC,SPQR)

("D:\Programme\MiKTeX 2.9\tex\latex\graphics\keyval.sty"
Package: keyval 1999/03/16 v1.13 key=value parser (DPC)
\KV@toks@=\toks14
)
("D:\Programme\MiKTeX 2.9\tex\latex\graphics\graphics.sty"
Package: graphics 2009/02/05 v1.0o Standard LaTeX Graphics (DPC,SPQR)

("D:\Programme\MiKTeX 2.9\tex\latex\graphics\trig.sty"
Package: trig 1999/03/16 v1.09 sin cos tan (DPC)
)
("D:\Programme\MiKTeX 2.9\tex\latex\00miktex\graphics.cfg"
File: graphics.cfg 2007/01/18 v1.5 graphics configuration of teTeX/TeXLive
)
Package graphics Info: Driver file: pdftex.def on input line 91.

("D:\Programme\MiKTeX 2.9\tex\latex\pdftex-def\pdftex.def"
File: pdftex.def 2011/05/27 v0.06d Graphics/color for pdfTeX

("D:\Programme\MiKTeX 2.9\tex\generic\oberdiek\infwarerr.sty"
Package: infwarerr 2010/04/08 v1.3 Providing info/warning/error messages (HO)
)
("D:\Programme\MiKTeX 2.9\tex\generic\oberdiek\ltxcmds.sty"
Package: ltxcmds 2011/11/09 v1.22 LaTeX kernel commands for general use (HO)
)
\Gread@gobject=\count92
))
\Gin@req@height=\dimen113
\Gin@req@width=\dimen114
))
(D:\repository\biosec\report\BioSec_report.aux)
LaTeX Font Info:    Checking defaults for OML/cmm/m/it on input line 12.
LaTeX Font Info:    ... okay on input line 12.
LaTeX Font Info:    Checking defaults for T1/cmr/m/n on input line 12.
LaTeX Font Info:    ... okay on input line 12.
LaTeX Font Info:    Checking defaults for OT1/cmr/m/n on input line 12.
LaTeX Font Info:    ... okay on input line 12.
LaTeX Font Info:    Checking defaults for OMS/cmsy/m/n on input line 12.
LaTeX Font Info:    ... okay on input line 12.
LaTeX Font Info:    Checking defaults for OMX/cmex/m/n on input line 12.
LaTeX Font Info:    ... okay on input line 12.
LaTeX Font Info:    Checking defaults for U/cmr/m/n on input line 12.
LaTeX Font Info:    ... okay on input line 12.
LaTeX Font Info:    Try loading font information for OT1+ptm on input line 12.

("D:\Programme\MiKTeX 2.9\tex\latex\psnfss\ot1ptm.fd"
File: ot1ptm.fd 2001/06/04 font definitions for OT1/ptm.
)
\bibhang=\skip42

("D:\Programme\MiKTeX 2.9\tex\context\base\supp-pdf.mkii"
[Loading MPS to PDF converter (version 2006.09.02).]
\scratchcounter=\count93
\scratchdimen=\dimen115
\scratchbox=\box33
\nofMPsegments=\count94
\nofMParguments=\count95
\everyMPshowfont=\toks15
\MPscratchCnt=\count96
\MPscratchDim=\dimen116
\MPnumerator=\count97
\makeMPintoPDFobject=\count98
\everyMPtoPDFconversion=\toks16
)
LaTeX Font Info:    Try loading font information for OT1+phv on input line 23.
 ("D:\Programme\MiKTeX 2.9\tex\latex\psnfss\ot1phv.fd"
File: ot1phv.fd 2001/06/04 scalable font definitions for OT1/phv.
)
LaTeX Font Info:    External font `cmex10' loaded for size
(Font)              <17.28> on input line 23.
LaTeX Font Info:    External font `cmex10' loaded for size
(Font)              <12> on input line 23.
LaTeX Font Info:    Try loading font information for U+lasy on input line 23.

("D:\Programme\MiKTeX 2.9\tex\latex\base\ulasy.fd"
File: ulasy.fd 1998/08/17 v2.2e LaTeX symbol font definitions
)
Missing character: There is no ‚ in font ptmr7t!
Missing character: There is no Ä in font ptmr7t!
Missing character: There is no ú in font ptmr7t!
Missing character: There is no ‚ in font ptmr7t!
Missing character: There is no Ä in font ptmr7t!
Missing character: There is no ù in font ptmr7t!
Missing character: There is no √ in font ptmr7t!
Missing character: There is no § in font ptmr7t!

Underfull \hbox (badness 10000) in paragraph at lines 32--38

 []

(D:\repository\biosec\report\chapters/1-motivation.tex
Missing character: There is no √ in font ptmr7t!
Missing character: There is no § in font ptmr7t!
Missing character: There is no √ in font ptmr7t!
Missing character: There is no º in font ptmr7t!
Missing character: There is no √ in font ptmr7t!
Missing character: There is no ú in font ptmr7t!
)
(D:\repository\biosec\report\chapters/2-hyke.tex
Missing character: There is no √ in font ptmr7t!
Missing character: There is no º in font ptmr7t!
Missing character: There is no √ in font ptmr7t!
Missing character: There is no ∂ in font ptmr7t!
)
(D:\repository\biosec\report\chapters/3-approach.tex
Underfull \hbox (badness 1442) in paragraph at lines 12--16
[]\OT1/ptm/m/n/9 def. speaker recog-ni-tion [Beigi 2011] Speaker recog-ni-tion,

 []

Missing character: There is no √ in font ptmr7t!
Missing character: There is no § in font ptmr7t!
Missing character: There is no √ in font ptmr7t!
Missing character: There is no º in font ptmr7t!
Missing character: There is no √ in font ptmr7t!
Missing character: There is no º in font ptmr7t!
Missing character: There is no √ in font ptmr7t!
Missing character: There is no º in font ptmr7t!
) (D:\repository\biosec\report\chapters/4-database.tex)
(D:\repository\biosec\report\chapters/5-pre.tex
Missing character: There is no √ in font ptmr7t!
Missing character: There is no ∂ in font ptmr7t!
Missing character: There is no √ in font ptmr7t!
Missing character: There is no ∂ in font ptmr7t!
Missing character: There is no √ in font ptmr7t!
Missing character: There is no º in font ptmr7t!
Missing character: There is no √ in font ptmr7t!
Missing character: There is no § in font ptmr7t!
Missing character: There is no √ in font ptmr7t!
Missing character: There is no ü in font ptmr7t!
Missing character: There is no √ in font ptmr7t!
Missing character: There is no ∂ in font ptmr7t!
 [1{C:/ProgramData/MiKTeX/2.9/pdftex/config/pdftex.map}
Non-PDF special ignored!


]
Missing character: There is no √ in font ptmr7t!
Missing character: There is no º in font ptmr7t!
Missing character: There is no √ in font ptmr7t!
Missing character: There is no º in font ptmr7t!
Missing character: There is no √ in font ptmr7t!
Missing character: There is no § in font ptmr7t!
Missing character: There is no √ in font ptmr7t!
Missing character: There is no ∂ in font ptmr7t!
Missing character: There is no √ in font ptmr7t!
Missing character: There is no ∂ in font ptmr7t!
)
(D:\repository\biosec\report\chapters/6-extraction.tex)
(D:\repository\biosec\report\chapters/7-post.tex)
(D:\repository\biosec\report\chapters/8-classification.tex
Missing character: There is no √ in font ptmr7t!
Missing character: There is no ü in font ptmr7t!
Missing character: There is no √ in font ptmr7t!
Missing character: There is no ∂ in font ptmr7t!
Missing character: There is no √ in font ptmr7t!
Missing character: There is no ∂ in font ptmr7t!

Underfull \hbox (badness 10000) in paragraph at lines 14--15

 []

Missing character: There is no √ in font ptmr7t!
Missing character: There is no º in font ptmr7t!
Missing character: There is no √ in font ptmr7t!
Missing character: There is no ∂ in font ptmr7t!

Underfull \hbox (badness 10000) in paragraph at lines 20--23

 []

LaTeX Font Info:    External font `cmex10' loaded for size
(Font)              <8> on input line 27.
LaTeX Font Info:    External font `cmex10' loaded for size
(Font)              <6> on input line 27.
LaTeX Font Info:    External font `cmex10' loaded for size
(Font)              <5> on input line 27.
LaTeX Font Info:    Font shape `U/lasy/b/n' in size <8> not available
(Font)              Font shape `U/lasy/m/n' tried instead on input line 27.
LaTeX Font Info:    Font shape `U/lasy/b/n' in size <6> not available
(Font)              Font shape `U/lasy/m/n' tried instead on input line 27.
LaTeX Font Info:    Font shape `U/lasy/b/n' in size <5> not available
(Font)              Font shape `U/lasy/m/n' tried instead on input line 27.

Overfull \hbox (26.72981pt too wide) in paragraph at lines 34--34
 []\OT1/ptm/m/n/9 Table I. 
 []


Overfull \hbox (24.3269pt too wide) in paragraph at lines 34--34
 \OT1/ptm/m/n/9 Ergeb- 
 []


Overfull \hbox (17.99965pt too wide) in paragraph at lines 34--34
 \OT1/ptm/m/n/9 nisse 
 []


Overfull \hbox (11.4929pt too wide) in paragraph at lines 34--34
 \OT1/ptm/m/n/9 der 
 []


Overfull \hbox (19.49368pt too wide) in paragraph at lines 34--34
 \OT1/ptm/m/n/9 Klas- 
 []


Overfull \hbox (8.99977pt too wide) in paragraph at lines 34--34
 \OT1/ptm/m/n/9 si- 
 []


Overfull \hbox (16.49684pt too wide) in paragraph at lines 34--34
 \OT1/ptm/m/n/9 fika- 
 []


Overfull \hbox (14.00381pt too wide) in paragraph at lines 34--34
 \OT1/ptm/m/n/9 tion 
 []


LaTeX Warning: `h' float specifier changed to `ht'.

Missing character: There is no √ in font ptmr7t!
Missing character: There is no § in font ptmr7t!
Missing character: There is no √ in font ptmr7t!
Missing character: There is no ∂ in font ptmr7t!
Missing character: There is no √ in font ptmr7t!
Missing character: There is no ü in font ptmr7t!
Missing character: There is no √ in font ptmr7t!
Missing character: There is no § in font ptmr7t!

Underfull \hbox (badness 10000) in paragraph at lines 38--39

 []

Missing character: There is no √ in font ptmr7t!
Missing character: There is no ∂ in font ptmr7t!

Underfull \hbox (badness 10000) in paragraph at lines 41--43

 []

Missing character: There is no √ in font ptmr7t!
Missing character: There is no ∂ in font ptmr7t!
Missing character: There is no √ in font ptmr7t!
Missing character: There is no ú in font ptmr7t!

Underfull \hbox (badness 1360) in paragraph at lines 50--52
\OT1/ptm/m/n/9 wird und die beste bere-in-stim-mung als Ergeb-nis aus-gegeben
 []

Missing character: There is no √ in font ptmr7t!
Missing character: There is no º in font ptmr7t!
Missing character: There is no √ in font ptmr7t!
Missing character: There is no º in font ptmr7t!
Missing character: There is no √ in font ptmr7t!
Missing character: There is no ∂ in font ptmr7t!
Missing character: There is no √ in font ptmr7t!
Missing character: There is no ü in font ptmr7t!
Missing character: There is no √ in font ptmr7t!
Missing character: There is no º in font ptmr7t!
Missing character: There is no √ in font ptmr7t!
Missing character: There is no § in font ptmr7t!
Missing character: There is no √ in font ptmr7t!
Missing character: There is no ü in font ptmr7t!

Overfull \hbox (29.72678pt too wide) in paragraph at lines 71--71
 []\OT1/ptm/m/n/9 Table II. 
 []


Overfull \hbox (24.3269pt too wide) in paragraph at lines 71--71
 \OT1/ptm/m/n/9 Ergeb- 
 []


Overfull \hbox (17.99965pt too wide) in paragraph at lines 71--71
 \OT1/ptm/m/n/9 nisse 
 []


Overfull \hbox (11.4929pt too wide) in paragraph at lines 71--71
 \OT1/ptm/m/n/9 der 
 []


Overfull \hbox (13.99493pt too wide) in paragraph at lines 71--71
 \OT1/ptm/m/n/9 Au- 
 []


Overfull \hbox (18.49481pt too wide) in paragraph at lines 71--71
 \OT1/ptm/m/n/9 then- 
 []


Overfull \hbox (36.9985pt too wide) in paragraph at lines 71--71
 \OT1/ptm/m/n/9 tifizierung 
 []

) (D:\repository\biosec\report\chapters/9-zoo.tex
Missing character: There is no √ in font ptmr7t!
Missing character: There is no º in font ptmr7t!

Underfull \hbox (badness 3919) in paragraph at lines 4--7
\OT1/ptm/m/n/9 Doddingtons Zoo geht es darum dass sprecher ein un-ter-
 []


Underfull \hbox (badness 10000) in paragraph at lines 4--7

 []

LaTeX Font Info:    External font `cmex10' loaded for size
(Font)              <7> on input line 7.
LaTeX Font Info:    Font shape `U/lasy/b/n' in size <7> not available
(Font)              Font shape `U/lasy/m/n' tried instead on input line 7.
[2]
LaTeX Font Info:    Font shape `OT1/ptm/bx/n' in size <9> not available
(Font)              Font shape `OT1/ptm/b/n' tried instead on input line 10.
Missing character: There is no √ in font ptmr7t!
Missing character: There is no ü in font ptmr7t!
Missing character: There is no √ in font ptmr7t!
Missing character: There is no ü in font ptmr7t!
Missing character: There is no √ in font ptmr7t!
Missing character: There is no ü in font ptmr7t!
Missing character: There is no √ in font ptmr7t!
Missing character: There is no º in font ptmr7t!
Missing character: There is no √ in font ptmr7t!
Missing character: There is no ü in font ptmr7t!

Overfull \hbox (32.72374pt too wide) in paragraph at lines 29--29
 []\OT1/ptm/m/n/9 Table III. 
 []


Overfull \hbox (24.3269pt too wide) in paragraph at lines 29--29
 \OT1/ptm/m/n/9 Ergeb- 
 []


Overfull \hbox (17.99965pt too wide) in paragraph at lines 29--29
 \OT1/ptm/m/n/9 nisse 
 []


Overfull \hbox (11.4929pt too wide) in paragraph at lines 29--29
 \OT1/ptm/m/n/9 der 
 []


Overfull \hbox (19.49368pt too wide) in paragraph at lines 29--29
 \OT1/ptm/m/n/9 Klas- 
 []


Overfull \hbox (8.99977pt too wide) in paragraph at lines 29--29
 \OT1/ptm/m/n/9 si- 
 []


Overfull \hbox (16.49684pt too wide) in paragraph at lines 29--29
 \OT1/ptm/m/n/9 fika- 
 []


Overfull \hbox (14.00381pt too wide) in paragraph at lines 29--29
 \OT1/ptm/m/n/9 tion 
 []

) (D:\repository\biosec\report\chapters/10-conclusion.tex)
(D:\repository\biosec\report\chapters/11-future.tex)
(D:\repository\biosec\report\chapters/sources.tex
(D:\repository\biosec\report\BioSec_report.bbl))
(D:\repository\biosec\report\BioSec_report.lot)
\tf@lot=\write3

(D:\repository\biosec\report\chapters/task_describtion.tex) [3]
(D:\repository\biosec\report\BioSec_report.aux) ) 
Here is how much of TeX's memory you used:
 1729 strings out of 493921
 22497 string characters out of 3148889
 81749 words of memory out of 3000000
 4970 multiletter control sequences out of 15000+200000
 35909 words of font info for 86 fonts, out of 3000000 for 9000
 841 hyphenation exceptions out of 8191
 34i,7n,21p,387b,238s stack positions out of 5000i,500n,10000p,200000b,50000s
{D:/Programme/MiKTeX 2.9/fonts
/enc/dvips/fontname/8r.enc}<D:/Programme/MiKTeX 2.9/fonts/type1/public/amsfonts
/cm/cmsy10.pfb><D:/Programme/MiKTeX 2.9/fonts/type1/urw/helvetic/uhvr8a.pfb><D:
/Programme/MiKTeX 2.9/fonts/type1/urw/times/utmb8a.pfb><D:/Programme/MiKTeX 2.9
/fonts/type1/urw/times/utmr8a.pfb><D:/Programme/MiKTeX 2.9/fonts/type1/urw/time
s/utmri8a.pfb>
Output written on BioSec_report.pdf (3 pages, 71556 bytes).
PDF statistics:
 33 PDF objects out of 1000 (max. 8388607)
 0 named destinations out of 1000 (max. 500000)
 1 words of extra memory for PDF output out of 10000 (max. 10000000)

